{"name": "test_logout_access_flag", "status": "failed", "statusDetails": {"message": "AssertionError: assert 1 == 0", "trace": "self = <tests.test_ui.TestMainPage object at 0x111824550>\n\n    def test_logout_access_flag(self):\n        \"\"\"\n        Тестируется изменение флага access с 1 на 0 при нажатии кнопки Logout, расположенной на главной странице\n        Приложение работает некорректно, после выхода из аккаунта флаг сохраняет значение 1\n        \"\"\"\n        username, email, password = generate_user()\n        self.reg_page.reg(username, email, password)\n        self.main_page.logout()\n        result_flag = self.builder.get_access(username)\n        self.builder.del_user(username)\n>       assert result_flag == 0\nE       assert 1 == 0\n\ntests/test_ui.py:232: AssertionError"}, "description": "\n        Тестируется изменение флага access с 1 на 0 при нажатии кнопки Logout, расположенной на главной странице\n        Приложение работает некорректно, после выхода из аккаунта флаг сохраняет значение 1\n        ", "start": 1590601234927, "stop": 1590601248282, "uuid": "7ccec5af-9100-42df-afcc-07c5145a6247", "historyId": "83dcc84ab759de9fed8476d901afd827", "testCaseId": "63da1e2670ed23e2346ee63f7d9a3886", "fullName": "tests.test_ui.TestMainPage#test_logout_access_flag", "labels": [{"name": "parentSuite", "value": "tests"}, {"name": "suite", "value": "test_ui"}, {"name": "subSuite", "value": "TestMainPage"}, {"name": "host", "value": "MacBook-Air-Roman-2.local"}, {"name": "thread", "value": "20068-MainThread"}, {"name": "framework", "value": "pytest"}, {"name": "language", "value": "cpython3"}, {"name": "package", "value": "tests.test_ui"}]}